<?xml version="1.0" encoding="UTF-8" ?>
<testsuite errors="1" failures="0" hostname="Lenovo-PC" name="SilhouetteTest" skipped="0" tests="1" time="0.0" timestamp="2016-11-15T16:10:56">
  <properties>
[...]
</properties>
  <error message="SilhouetteTest" type="java.lang.ClassNotFoundException">java.lang.ClassNotFoundException: SilhouetteTest
	at java.lang.ClassLoader.loadClass(ClassLoader.java:357)
	at java.lang.Class.forName0(Native Method)
	at java.lang.Class.forName(Class.java:348)
</error>
  <system-out><![CDATA[]]></system-out>
  <system-err><![CDATA[]]></system-err>
</testsuite>
